[2026-05-21 14:50:19,783][paper2data.train][INFO] - Loading 20NG (subset=all)
[2026-05-21 14:50:21,235][paper2data.train][INFO] - Loaded 18846 documents across 20 classes
[2026-05-21 14:50:21,242][paper2data.train][INFO] - Pre-encoding documents with nomic-ai/nomic-embed-text-v1.5
[2026-05-21 14:50:26,223][paper2data.embeddings][INFO] - Embedding cache MISS — loading nomic-ai/nomic-embed-text-v1.5
[2026-05-21 14:50:26,225][sentence_transformers.base.model][INFO] - No device provided, using cpu
[2026-05-21 14:50:26,374][httpx][INFO] - HTTP Request: HEAD https://huggingface.co/nomic-ai/nomic-embed-text-v1.5/resolve/main/modules.json "HTTP/1.1 307 Temporary Redirect"
[2026-05-21 14:50:26,386][httpx][INFO] - HTTP Request: HEAD https://huggingface.co/api/resolve-cache/models/nomic-ai/nomic-embed-text-v1.5/e9b6763023c676ca8431644204f50c2b100d9aab/modules.json "HTTP/1.1 200 OK"
[2026-05-21 14:50:26,438][httpx][INFO] - HTTP Request: HEAD https://huggingface.co/nomic-ai/nomic-embed-text-v1.5/resolve/main/config_sentence_transformers.json "HTTP/1.1 307 Temporary Redirect"
[2026-05-21 14:50:26,450][httpx][INFO] - HTTP Request: HEAD https://huggingface.co/api/resolve-cache/models/nomic-ai/nomic-embed-text-v1.5/e9b6763023c676ca8431644204f50c2b100d9aab/config_sentence_transformers.json "HTTP/1.1 200 OK"
[2026-05-21 14:50:26,452][sentence_transformers.base.model][INFO] - Loading SentenceTransformer model from nomic-ai/nomic-embed-text-v1.5.
[2026-05-21 14:50:26,496][httpx][INFO] - HTTP Request: HEAD https://huggingface.co/nomic-ai/nomic-embed-text-v1.5/resolve/main/config_sentence_transformers.json "HTTP/1.1 307 Temporary Redirect"
[2026-05-21 14:50:26,497][huggingface_hub.utils._http][WARNING] - Warning: You are sending unauthenticated requests to the HF Hub. Please set a HF_TOKEN to enable higher rate limits and faster downloads.
[2026-05-21 14:50:26,508][httpx][INFO] - HTTP Request: HEAD https://huggingface.co/api/resolve-cache/models/nomic-ai/nomic-embed-text-v1.5/e9b6763023c676ca8431644204f50c2b100d9aab/config_sentence_transformers.json "HTTP/1.1 200 OK"
[2026-05-21 14:50:26,549][httpx][INFO] - HTTP Request: HEAD https://huggingface.co/nomic-ai/nomic-embed-text-v1.5/resolve/main/README.md "HTTP/1.1 307 Temporary Redirect"
[2026-05-21 14:50:26,563][httpx][INFO] - HTTP Request: HEAD https://huggingface.co/api/resolve-cache/models/nomic-ai/nomic-embed-text-v1.5/e9b6763023c676ca8431644204f50c2b100d9aab/README.md "HTTP/1.1 200 OK"
[2026-05-21 14:50:26,615][httpx][INFO] - HTTP Request: HEAD https://huggingface.co/nomic-ai/nomic-embed-text-v1.5/resolve/main/modules.json "HTTP/1.1 307 Temporary Redirect"
[2026-05-21 14:50:26,627][httpx][INFO] - HTTP Request: HEAD https://huggingface.co/api/resolve-cache/models/nomic-ai/nomic-embed-text-v1.5/e9b6763023c676ca8431644204f50c2b100d9aab/modules.json "HTTP/1.1 200 OK"
[2026-05-21 14:50:26,670][httpx][INFO] - HTTP Request: HEAD https://huggingface.co/nomic-ai/nomic-embed-text-v1.5/resolve/main/sentence_bert_config.json "HTTP/1.1 307 Temporary Redirect"
[2026-05-21 14:50:26,682][httpx][INFO] - HTTP Request: HEAD https://huggingface.co/api/resolve-cache/models/nomic-ai/nomic-embed-text-v1.5/e9b6763023c676ca8431644204f50c2b100d9aab/sentence_bert_config.json "HTTP/1.1 200 OK"
[2026-05-21 14:50:26,740][httpx][INFO] - HTTP Request: HEAD https://huggingface.co/nomic-ai/nomic-embed-text-v1.5/resolve/main/adapter_config.json "HTTP/1.1 404 Not Found"
[2026-05-21 14:50:26,787][httpx][INFO] - HTTP Request: HEAD https://huggingface.co/nomic-ai/nomic-embed-text-v1.5/resolve/main/config.json "HTTP/1.1 307 Temporary Redirect"
[2026-05-21 14:50:26,802][httpx][INFO] - HTTP Request: HEAD https://huggingface.co/api/resolve-cache/models/nomic-ai/nomic-embed-text-v1.5/e9b6763023c676ca8431644204f50c2b100d9aab/config.json "HTTP/1.1 200 OK"
[2026-05-21 14:50:26,867][httpx][INFO] - HTTP Request: HEAD https://huggingface.co/nomic-ai/nomic-bert-2048/resolve/main/configuration_hf_nomic_bert.py "HTTP/1.1 307 Temporary Redirect"
[2026-05-21 14:50:26,878][httpx][INFO] - HTTP Request: HEAD https://huggingface.co/api/resolve-cache/models/nomic-ai/nomic-bert-2048/7710840340a098cfb869c4f65e87cf2b1b70caca/configuration_hf_nomic_bert.py "HTTP/1.1 200 OK"
[2026-05-21 14:50:26,941][httpx][INFO] - HTTP Request: HEAD https://huggingface.co/nomic-ai/nomic-embed-text-v1.5/resolve/main/config.json "HTTP/1.1 307 Temporary Redirect"
[2026-05-21 14:50:26,952][httpx][INFO] - HTTP Request: HEAD https://huggingface.co/api/resolve-cache/models/nomic-ai/nomic-embed-text-v1.5/e9b6763023c676ca8431644204f50c2b100d9aab/config.json "HTTP/1.1 200 OK"
[2026-05-21 14:50:27,036][httpx][INFO] - HTTP Request: HEAD https://huggingface.co/nomic-ai/nomic-bert-2048/resolve/main/modeling_hf_nomic_bert.py "HTTP/1.1 307 Temporary Redirect"
[2026-05-21 14:50:27,051][httpx][INFO] - HTTP Request: HEAD https://huggingface.co/api/resolve-cache/models/nomic-ai/nomic-bert-2048/7710840340a098cfb869c4f65e87cf2b1b70caca/modeling_hf_nomic_bert.py "HTTP/1.1 200 OK"
[2026-05-21 14:50:28,550][httpx][INFO] - HTTP Request: HEAD https://huggingface.co/nomic-ai/nomic-embed-text-v1.5/resolve/main/pytorch_model.bin "HTTP/1.1 404 Not Found"
[2026-05-21 14:50:28,590][httpx][INFO] - HTTP Request: HEAD https://huggingface.co/nomic-ai/nomic-embed-text-v1.5/resolve/main/model.safetensors "HTTP/1.1 302 Found"
[2026-05-21 14:50:29,218][transformers_modules.nomic_hyphen_ai.nomic_hyphen_bert_hyphen_2048.7710840340a098cfb869c4f65e87cf2b1b70caca.modeling_hf_nomic_bert][WARNING] - <All keys matched successfully>
[2026-05-21 14:50:29,281][httpx][INFO] - HTTP Request: HEAD https://huggingface.co/nomic-ai/nomic-embed-text-v1.5/resolve/main/processor_config.json "HTTP/1.1 404 Not Found"
[2026-05-21 14:50:29,327][httpx][INFO] - HTTP Request: HEAD https://huggingface.co/nomic-ai/nomic-embed-text-v1.5/resolve/main/preprocessor_config.json "HTTP/1.1 404 Not Found"
[2026-05-21 14:50:29,426][httpx][INFO] - HTTP Request: HEAD https://huggingface.co/nomic-ai/nomic-embed-text-v1.5/resolve/main/video_preprocessor_config.json "HTTP/1.1 404 Not Found"
[2026-05-21 14:50:29,471][httpx][INFO] - HTTP Request: HEAD https://huggingface.co/nomic-ai/nomic-embed-text-v1.5/resolve/main/preprocessor_config.json "HTTP/1.1 404 Not Found"
[2026-05-21 14:50:29,551][httpx][INFO] - HTTP Request: HEAD https://huggingface.co/nomic-ai/nomic-embed-text-v1.5/resolve/main/tokenizer_config.json "HTTP/1.1 307 Temporary Redirect"
[2026-05-21 14:50:29,562][httpx][INFO] - HTTP Request: HEAD https://huggingface.co/api/resolve-cache/models/nomic-ai/nomic-embed-text-v1.5/e9b6763023c676ca8431644204f50c2b100d9aab/tokenizer_config.json "HTTP/1.1 200 OK"
[2026-05-21 14:50:29,607][httpx][INFO] - HTTP Request: HEAD https://huggingface.co/nomic-ai/nomic-embed-text-v1.5/resolve/main/config.json "HTTP/1.1 307 Temporary Redirect"
[2026-05-21 14:50:29,617][httpx][INFO] - HTTP Request: HEAD https://huggingface.co/api/resolve-cache/models/nomic-ai/nomic-embed-text-v1.5/e9b6763023c676ca8431644204f50c2b100d9aab/config.json "HTTP/1.1 200 OK"
[2026-05-21 14:50:29,664][httpx][INFO] - HTTP Request: HEAD https://huggingface.co/nomic-ai/nomic-bert-2048/resolve/main/configuration_hf_nomic_bert.py "HTTP/1.1 307 Temporary Redirect"
[2026-05-21 14:50:29,677][httpx][INFO] - HTTP Request: HEAD https://huggingface.co/api/resolve-cache/models/nomic-ai/nomic-bert-2048/7710840340a098cfb869c4f65e87cf2b1b70caca/configuration_hf_nomic_bert.py "HTTP/1.1 200 OK"
[2026-05-21 14:50:29,719][httpx][INFO] - HTTP Request: HEAD https://huggingface.co/nomic-ai/nomic-embed-text-v1.5/resolve/main/config.json "HTTP/1.1 307 Temporary Redirect"
[2026-05-21 14:50:29,733][httpx][INFO] - HTTP Request: HEAD https://huggingface.co/api/resolve-cache/models/nomic-ai/nomic-embed-text-v1.5/e9b6763023c676ca8431644204f50c2b100d9aab/config.json "HTTP/1.1 200 OK"
[2026-05-21 14:50:29,787][httpx][INFO] - HTTP Request: HEAD https://huggingface.co/nomic-ai/nomic-embed-text-v1.5/resolve/main/config.json "HTTP/1.1 307 Temporary Redirect"
[2026-05-21 14:50:29,798][httpx][INFO] - HTTP Request: HEAD https://huggingface.co/api/resolve-cache/models/nomic-ai/nomic-embed-text-v1.5/e9b6763023c676ca8431644204f50c2b100d9aab/config.json "HTTP/1.1 200 OK"
[2026-05-21 14:50:29,840][httpx][INFO] - HTTP Request: HEAD https://huggingface.co/nomic-ai/nomic-bert-2048/resolve/main/configuration_hf_nomic_bert.py "HTTP/1.1 307 Temporary Redirect"
[2026-05-21 14:50:29,851][httpx][INFO] - HTTP Request: HEAD https://huggingface.co/api/resolve-cache/models/nomic-ai/nomic-bert-2048/7710840340a098cfb869c4f65e87cf2b1b70caca/configuration_hf_nomic_bert.py "HTTP/1.1 200 OK"
[2026-05-21 14:50:29,894][httpx][INFO] - HTTP Request: HEAD https://huggingface.co/nomic-ai/nomic-embed-text-v1.5/resolve/main/config.json "HTTP/1.1 307 Temporary Redirect"
[2026-05-21 14:50:29,906][httpx][INFO] - HTTP Request: HEAD https://huggingface.co/api/resolve-cache/models/nomic-ai/nomic-embed-text-v1.5/e9b6763023c676ca8431644204f50c2b100d9aab/config.json "HTTP/1.1 200 OK"
[2026-05-21 14:50:29,952][httpx][INFO] - HTTP Request: HEAD https://huggingface.co/nomic-ai/nomic-embed-text-v1.5/resolve/main/tokenizer_config.json "HTTP/1.1 307 Temporary Redirect"
[2026-05-21 14:50:29,964][httpx][INFO] - HTTP Request: HEAD https://huggingface.co/api/resolve-cache/models/nomic-ai/nomic-embed-text-v1.5/e9b6763023c676ca8431644204f50c2b100d9aab/tokenizer_config.json "HTTP/1.1 200 OK"
[2026-05-21 14:50:30,022][httpx][INFO] - HTTP Request: GET https://huggingface.co/api/models/nomic-ai/nomic-embed-text-v1.5/tree/main/additional_chat_templates?recursive=false&expand=false "HTTP/1.1 404 Not Found"
[2026-05-21 14:50:30,065][httpx][INFO] - HTTP Request: GET https://huggingface.co/api/models/nomic-ai/nomic-embed-text-v1.5/tree/main?recursive=true&expand=false "HTTP/1.1 200 OK"
[2026-05-21 14:50:30,168][httpx][INFO] - HTTP Request: HEAD https://huggingface.co/nomic-ai/nomic-embed-text-v1.5/resolve/main/1_Pooling/config.json "HTTP/1.1 307 Temporary Redirect"
[2026-05-21 14:50:30,183][httpx][INFO] - HTTP Request: HEAD https://huggingface.co/api/resolve-cache/models/nomic-ai/nomic-embed-text-v1.5/e9b6763023c676ca8431644204f50c2b100d9aab/1_Pooling%2Fconfig.json "HTTP/1.1 200 OK"
[2026-05-21 14:50:30,234][httpx][INFO] - HTTP Request: GET https://huggingface.co/api/models/nomic-ai/nomic-embed-text-v1.5 "HTTP/1.1 200 OK"
