[2026-05-21 13:56:32,222][paper2data.train][INFO] - Loading 20NG (subset=all)
[2026-05-21 13:56:33,683][paper2data.train][INFO] - Loaded 18846 documents across 20 classes
[2026-05-21 13:56:33,689][paper2data.train][INFO] - Pre-encoding documents with BAAI/bge-small-en-v1.5
[2026-05-21 13:56:37,178][paper2data.embeddings][INFO] - Embedding cache MISS — loading BAAI/bge-small-en-v1.5
[2026-05-21 13:56:37,184][sentence_transformers.base.model][INFO] - No device provided, using cpu
[2026-05-21 13:56:37,340][httpx][INFO] - HTTP Request: HEAD https://huggingface.co/BAAI/bge-small-en-v1.5/resolve/main/modules.json "HTTP/1.1 307 Temporary Redirect"
[2026-05-21 13:56:37,353][httpx][INFO] - HTTP Request: HEAD https://huggingface.co/api/resolve-cache/models/BAAI/bge-small-en-v1.5/5c38ec7c405ec4b44b94cc5a9bb96e735b38267a/modules.json "HTTP/1.1 200 OK"
[2026-05-21 13:56:37,397][httpx][INFO] - HTTP Request: HEAD https://huggingface.co/BAAI/bge-small-en-v1.5/resolve/main/config_sentence_transformers.json "HTTP/1.1 307 Temporary Redirect"
[2026-05-21 13:56:37,399][huggingface_hub.utils._http][WARNING] - Warning: You are sending unauthenticated requests to the HF Hub. Please set a HF_TOKEN to enable higher rate limits and faster downloads.
[2026-05-21 13:56:37,409][httpx][INFO] - HTTP Request: HEAD https://huggingface.co/api/resolve-cache/models/BAAI/bge-small-en-v1.5/5c38ec7c405ec4b44b94cc5a9bb96e735b38267a/config_sentence_transformers.json "HTTP/1.1 200 OK"
[2026-05-21 13:56:37,410][sentence_transformers.base.model][INFO] - Loading SentenceTransformer model from BAAI/bge-small-en-v1.5.
[2026-05-21 13:56:37,452][httpx][INFO] - HTTP Request: HEAD https://huggingface.co/BAAI/bge-small-en-v1.5/resolve/main/config_sentence_transformers.json "HTTP/1.1 307 Temporary Redirect"
[2026-05-21 13:56:37,464][httpx][INFO] - HTTP Request: HEAD https://huggingface.co/api/resolve-cache/models/BAAI/bge-small-en-v1.5/5c38ec7c405ec4b44b94cc5a9bb96e735b38267a/config_sentence_transformers.json "HTTP/1.1 200 OK"
[2026-05-21 13:56:37,504][httpx][INFO] - HTTP Request: HEAD https://huggingface.co/BAAI/bge-small-en-v1.5/resolve/main/README.md "HTTP/1.1 307 Temporary Redirect"
[2026-05-21 13:56:37,517][httpx][INFO] - HTTP Request: HEAD https://huggingface.co/api/resolve-cache/models/BAAI/bge-small-en-v1.5/5c38ec7c405ec4b44b94cc5a9bb96e735b38267a/README.md "HTTP/1.1 200 OK"
[2026-05-21 13:56:37,562][httpx][INFO] - HTTP Request: HEAD https://huggingface.co/BAAI/bge-small-en-v1.5/resolve/main/modules.json "HTTP/1.1 307 Temporary Redirect"
[2026-05-21 13:56:37,572][httpx][INFO] - HTTP Request: HEAD https://huggingface.co/api/resolve-cache/models/BAAI/bge-small-en-v1.5/5c38ec7c405ec4b44b94cc5a9bb96e735b38267a/modules.json "HTTP/1.1 200 OK"
[2026-05-21 13:56:37,621][httpx][INFO] - HTTP Request: HEAD https://huggingface.co/BAAI/bge-small-en-v1.5/resolve/main/sentence_bert_config.json "HTTP/1.1 307 Temporary Redirect"
[2026-05-21 13:56:37,633][httpx][INFO] - HTTP Request: HEAD https://huggingface.co/api/resolve-cache/models/BAAI/bge-small-en-v1.5/5c38ec7c405ec4b44b94cc5a9bb96e735b38267a/sentence_bert_config.json "HTTP/1.1 200 OK"
[2026-05-21 13:56:37,676][httpx][INFO] - HTTP Request: HEAD https://huggingface.co/BAAI/bge-small-en-v1.5/resolve/main/adapter_config.json "HTTP/1.1 404 Not Found"
[2026-05-21 13:56:37,727][httpx][INFO] - HTTP Request: HEAD https://huggingface.co/BAAI/bge-small-en-v1.5/resolve/main/config.json "HTTP/1.1 307 Temporary Redirect"
[2026-05-21 13:56:37,739][httpx][INFO] - HTTP Request: HEAD https://huggingface.co/api/resolve-cache/models/BAAI/bge-small-en-v1.5/5c38ec7c405ec4b44b94cc5a9bb96e735b38267a/config.json "HTTP/1.1 200 OK"
[2026-05-21 13:56:38,037][httpx][INFO] - HTTP Request: HEAD https://huggingface.co/BAAI/bge-small-en-v1.5/resolve/main/processor_config.json "HTTP/1.1 404 Not Found"
[2026-05-21 13:56:38,080][httpx][INFO] - HTTP Request: HEAD https://huggingface.co/BAAI/bge-small-en-v1.5/resolve/main/preprocessor_config.json "HTTP/1.1 404 Not Found"
[2026-05-21 13:56:38,128][httpx][INFO] - HTTP Request: HEAD https://huggingface.co/BAAI/bge-small-en-v1.5/resolve/main/video_preprocessor_config.json "HTTP/1.1 404 Not Found"
[2026-05-21 13:56:38,180][httpx][INFO] - HTTP Request: HEAD https://huggingface.co/BAAI/bge-small-en-v1.5/resolve/main/preprocessor_config.json "HTTP/1.1 404 Not Found"
[2026-05-21 13:56:38,226][httpx][INFO] - HTTP Request: HEAD https://huggingface.co/BAAI/bge-small-en-v1.5/resolve/main/tokenizer_config.json "HTTP/1.1 307 Temporary Redirect"
[2026-05-21 13:56:38,240][httpx][INFO] - HTTP Request: HEAD https://huggingface.co/api/resolve-cache/models/BAAI/bge-small-en-v1.5/5c38ec7c405ec4b44b94cc5a9bb96e735b38267a/tokenizer_config.json "HTTP/1.1 200 OK"
[2026-05-21 13:56:38,284][httpx][INFO] - HTTP Request: HEAD https://huggingface.co/BAAI/bge-small-en-v1.5/resolve/main/config.json "HTTP/1.1 307 Temporary Redirect"
[2026-05-21 13:56:38,296][httpx][INFO] - HTTP Request: HEAD https://huggingface.co/api/resolve-cache/models/BAAI/bge-small-en-v1.5/5c38ec7c405ec4b44b94cc5a9bb96e735b38267a/config.json "HTTP/1.1 200 OK"
[2026-05-21 13:56:38,342][httpx][INFO] - HTTP Request: HEAD https://huggingface.co/BAAI/bge-small-en-v1.5/resolve/main/config.json "HTTP/1.1 307 Temporary Redirect"
[2026-05-21 13:56:38,354][httpx][INFO] - HTTP Request: HEAD https://huggingface.co/api/resolve-cache/models/BAAI/bge-small-en-v1.5/5c38ec7c405ec4b44b94cc5a9bb96e735b38267a/config.json "HTTP/1.1 200 OK"
[2026-05-21 13:56:38,407][httpx][INFO] - HTTP Request: HEAD https://huggingface.co/BAAI/bge-small-en-v1.5/resolve/main/tokenizer_config.json "HTTP/1.1 307 Temporary Redirect"
[2026-05-21 13:56:38,418][httpx][INFO] - HTTP Request: HEAD https://huggingface.co/api/resolve-cache/models/BAAI/bge-small-en-v1.5/5c38ec7c405ec4b44b94cc5a9bb96e735b38267a/tokenizer_config.json "HTTP/1.1 200 OK"
[2026-05-21 13:56:38,463][httpx][INFO] - HTTP Request: GET https://huggingface.co/api/models/BAAI/bge-small-en-v1.5/tree/main/additional_chat_templates?recursive=false&expand=false "HTTP/1.1 404 Not Found"
[2026-05-21 13:56:38,511][httpx][INFO] - HTTP Request: GET https://huggingface.co/api/models/BAAI/bge-small-en-v1.5/tree/main?recursive=true&expand=false "HTTP/1.1 200 OK"
[2026-05-21 13:56:38,614][httpx][INFO] - HTTP Request: HEAD https://huggingface.co/BAAI/bge-small-en-v1.5/resolve/main/1_Pooling/config.json "HTTP/1.1 307 Temporary Redirect"
[2026-05-21 13:56:38,628][httpx][INFO] - HTTP Request: HEAD https://huggingface.co/api/resolve-cache/models/BAAI/bge-small-en-v1.5/5c38ec7c405ec4b44b94cc5a9bb96e735b38267a/1_Pooling%2Fconfig.json "HTTP/1.1 200 OK"
[2026-05-21 13:56:38,684][httpx][INFO] - HTTP Request: GET https://huggingface.co/api/models/BAAI/bge-small-en-v1.5 "HTTP/1.1 200 OK"
[2026-05-21 14:22:00,035][paper2data.embeddings][INFO] - Encoded 15076 docs -> 384-dim in 1562.7s (9.6 docs/s)
[2026-05-21 14:22:00,059][paper2data.embeddings][INFO] - Embedding cache MISS — loading BAAI/bge-small-en-v1.5
[2026-05-21 14:22:00,061][sentence_transformers.base.model][INFO] - No device provided, using cpu
[2026-05-21 14:22:00,127][httpx][INFO] - HTTP Request: HEAD https://huggingface.co/BAAI/bge-small-en-v1.5/resolve/main/modules.json "HTTP/1.1 307 Temporary Redirect"
[2026-05-21 14:22:00,139][httpx][INFO] - HTTP Request: HEAD https://huggingface.co/api/resolve-cache/models/BAAI/bge-small-en-v1.5/5c38ec7c405ec4b44b94cc5a9bb96e735b38267a/modules.json "HTTP/1.1 200 OK"
[2026-05-21 14:22:00,177][httpx][INFO] - HTTP Request: HEAD https://huggingface.co/BAAI/bge-small-en-v1.5/resolve/main/config_sentence_transformers.json "HTTP/1.1 307 Temporary Redirect"
[2026-05-21 14:22:00,188][httpx][INFO] - HTTP Request: HEAD https://huggingface.co/api/resolve-cache/models/BAAI/bge-small-en-v1.5/5c38ec7c405ec4b44b94cc5a9bb96e735b38267a/config_sentence_transformers.json "HTTP/1.1 200 OK"
[2026-05-21 14:22:00,190][sentence_transformers.base.model][INFO] - Loading SentenceTransformer model from BAAI/bge-small-en-v1.5.
[2026-05-21 14:22:00,232][httpx][INFO] - HTTP Request: HEAD https://huggingface.co/BAAI/bge-small-en-v1.5/resolve/main/config_sentence_transformers.json "HTTP/1.1 307 Temporary Redirect"
[2026-05-21 14:22:00,244][httpx][INFO] - HTTP Request: HEAD https://huggingface.co/api/resolve-cache/models/BAAI/bge-small-en-v1.5/5c38ec7c405ec4b44b94cc5a9bb96e735b38267a/config_sentence_transformers.json "HTTP/1.1 200 OK"
[2026-05-21 14:22:00,287][httpx][INFO] - HTTP Request: HEAD https://huggingface.co/BAAI/bge-small-en-v1.5/resolve/main/README.md "HTTP/1.1 307 Temporary Redirect"
[2026-05-21 14:22:00,299][httpx][INFO] - HTTP Request: HEAD https://huggingface.co/api/resolve-cache/models/BAAI/bge-small-en-v1.5/5c38ec7c405ec4b44b94cc5a9bb96e735b38267a/README.md "HTTP/1.1 200 OK"
[2026-05-21 14:22:00,340][httpx][INFO] - HTTP Request: HEAD https://huggingface.co/BAAI/bge-small-en-v1.5/resolve/main/modules.json "HTTP/1.1 307 Temporary Redirect"
[2026-05-21 14:22:00,351][httpx][INFO] - HTTP Request: HEAD https://huggingface.co/api/resolve-cache/models/BAAI/bge-small-en-v1.5/5c38ec7c405ec4b44b94cc5a9bb96e735b38267a/modules.json "HTTP/1.1 200 OK"
[2026-05-21 14:22:00,396][httpx][INFO] - HTTP Request: HEAD https://huggingface.co/BAAI/bge-small-en-v1.5/resolve/main/sentence_bert_config.json "HTTP/1.1 307 Temporary Redirect"
[2026-05-21 14:22:00,409][httpx][INFO] - HTTP Request: HEAD https://huggingface.co/api/resolve-cache/models/BAAI/bge-small-en-v1.5/5c38ec7c405ec4b44b94cc5a9bb96e735b38267a/sentence_bert_config.json "HTTP/1.1 200 OK"
[2026-05-21 14:22:00,450][httpx][INFO] - HTTP Request: HEAD https://huggingface.co/BAAI/bge-small-en-v1.5/resolve/main/adapter_config.json "HTTP/1.1 404 Not Found"
[2026-05-21 14:22:00,496][httpx][INFO] - HTTP Request: HEAD https://huggingface.co/BAAI/bge-small-en-v1.5/resolve/main/config.json "HTTP/1.1 307 Temporary Redirect"
[2026-05-21 14:22:00,508][httpx][INFO] - HTTP Request: HEAD https://huggingface.co/api/resolve-cache/models/BAAI/bge-small-en-v1.5/5c38ec7c405ec4b44b94cc5a9bb96e735b38267a/config.json "HTTP/1.1 200 OK"
[2026-05-21 14:22:00,709][httpx][INFO] - HTTP Request: HEAD https://huggingface.co/BAAI/bge-small-en-v1.5/resolve/main/processor_config.json "HTTP/1.1 404 Not Found"
[2026-05-21 14:22:00,767][httpx][INFO] - HTTP Request: HEAD https://huggingface.co/BAAI/bge-small-en-v1.5/resolve/main/preprocessor_config.json "HTTP/1.1 404 Not Found"
[2026-05-21 14:22:00,811][httpx][INFO] - HTTP Request: HEAD https://huggingface.co/BAAI/bge-small-en-v1.5/resolve/main/video_preprocessor_config.json "HTTP/1.1 404 Not Found"
[2026-05-21 14:22:00,861][httpx][INFO] - HTTP Request: HEAD https://huggingface.co/BAAI/bge-small-en-v1.5/resolve/main/preprocessor_config.json "HTTP/1.1 404 Not Found"
[2026-05-21 14:22:00,896][httpx][INFO] - HTTP Request: HEAD https://huggingface.co/BAAI/bge-small-en-v1.5/resolve/main/tokenizer_config.json "HTTP/1.1 307 Temporary Redirect"
[2026-05-21 14:22:00,906][httpx][INFO] - HTTP Request: HEAD https://huggingface.co/api/resolve-cache/models/BAAI/bge-small-en-v1.5/5c38ec7c405ec4b44b94cc5a9bb96e735b38267a/tokenizer_config.json "HTTP/1.1 200 OK"
[2026-05-21 14:22:00,951][httpx][INFO] - HTTP Request: HEAD https://huggingface.co/BAAI/bge-small-en-v1.5/resolve/main/config.json "HTTP/1.1 307 Temporary Redirect"
[2026-05-21 14:22:00,962][httpx][INFO] - HTTP Request: HEAD https://huggingface.co/api/resolve-cache/models/BAAI/bge-small-en-v1.5/5c38ec7c405ec4b44b94cc5a9bb96e735b38267a/config.json "HTTP/1.1 200 OK"
[2026-05-21 14:22:01,013][httpx][INFO] - HTTP Request: HEAD https://huggingface.co/BAAI/bge-small-en-v1.5/resolve/main/config.json "HTTP/1.1 307 Temporary Redirect"
[2026-05-21 14:22:01,025][httpx][INFO] - HTTP Request: HEAD https://huggingface.co/api/resolve-cache/models/BAAI/bge-small-en-v1.5/5c38ec7c405ec4b44b94cc5a9bb96e735b38267a/config.json "HTTP/1.1 200 OK"
[2026-05-21 14:22:01,066][httpx][INFO] - HTTP Request: HEAD https://huggingface.co/BAAI/bge-small-en-v1.5/resolve/main/tokenizer_config.json "HTTP/1.1 307 Temporary Redirect"
[2026-05-21 14:22:01,079][httpx][INFO] - HTTP Request: HEAD https://huggingface.co/api/resolve-cache/models/BAAI/bge-small-en-v1.5/5c38ec7c405ec4b44b94cc5a9bb96e735b38267a/tokenizer_config.json "HTTP/1.1 200 OK"
[2026-05-21 14:22:01,124][httpx][INFO] - HTTP Request: GET https://huggingface.co/api/models/BAAI/bge-small-en-v1.5/tree/main/additional_chat_templates?recursive=false&expand=false "HTTP/1.1 404 Not Found"
[2026-05-21 14:22:01,171][httpx][INFO] - HTTP Request: GET https://huggingface.co/api/models/BAAI/bge-small-en-v1.5/tree/main?recursive=true&expand=false "HTTP/1.1 200 OK"
[2026-05-21 14:22:01,262][httpx][INFO] - HTTP Request: HEAD https://huggingface.co/BAAI/bge-small-en-v1.5/resolve/main/1_Pooling/config.json "HTTP/1.1 307 Temporary Redirect"
[2026-05-21 14:22:01,276][httpx][INFO] - HTTP Request: HEAD https://huggingface.co/api/resolve-cache/models/BAAI/bge-small-en-v1.5/5c38ec7c405ec4b44b94cc5a9bb96e735b38267a/1_Pooling%2Fconfig.json "HTTP/1.1 200 OK"
[2026-05-21 14:22:01,333][httpx][INFO] - HTTP Request: GET https://huggingface.co/api/models/BAAI/bge-small-en-v1.5 "HTTP/1.1 200 OK"
[2026-05-21 14:28:50,000][paper2data.embeddings][INFO] - Encoded 3770 docs -> 384-dim in 420.1s (9.0 docs/s)
[2026-05-21 14:28:50,052][paper2data.train][INFO] - Param grid: {'clf__C': [0.1, 1.0, 10.0]}
[2026-05-21 14:28:50,053][paper2data.train][INFO] - Running nested CV: 5 outer x 3 inner folds
[2026-05-21 14:28:50,060][paper2data.train][INFO] - Outer fold 1/5
[2026-05-21 14:29:22,865][paper2data.train][INFO] -   best_params={'clf__C': 10.0}  outer f1_macro=0.7102
[2026-05-21 14:29:22,867][paper2data.train][INFO] - Outer fold 2/5
[2026-05-21 14:29:48,659][paper2data.train][INFO] -   best_params={'clf__C': 10.0}  outer f1_macro=0.7207
[2026-05-21 14:29:48,659][paper2data.train][INFO] - Outer fold 3/5
[2026-05-21 14:30:11,502][paper2data.train][INFO] -   best_params={'clf__C': 10.0}  outer f1_macro=0.7083
[2026-05-21 14:30:11,502][paper2data.train][INFO] - Outer fold 4/5
[2026-05-21 14:30:27,210][paper2data.train][INFO] -   best_params={'clf__C': 10.0}  outer f1_macro=0.7175
[2026-05-21 14:30:27,211][paper2data.train][INFO] - Outer fold 5/5
[2026-05-21 14:30:47,804][paper2data.train][INFO] -   best_params={'clf__C': 10.0}  outer f1_macro=0.7042
[2026-05-21 14:30:47,805][paper2data.train][INFO] - Nested CV f1_macro: 0.7122 ± 0.0061
[2026-05-21 14:30:47,806][paper2data.train][INFO] - Refitting on full train with inner CV for final HPO
[2026-05-21 14:31:13,386][paper2data.train][INFO] - Held-out test f1_macro=0.7325 acc=0.7443
[2026-05-21 14:31:13,414][paper2data.train][INFO] - Wrote artifacts to /home/stef/paper2data/artifacts/logreg_bge_small_20ng
